<?xml version="1.0" encoding="UTF-8"?>
<!-- Generated by org.testng.reporters.JUnitReportReporter -->
<testsuite hostname="DESKTOP-LM8VLMM" failures="0" tests="1" name="testCases.AccountRegistrationTest" time="2.796" errors="0" timestamp="2024-09-29T12:35:37 EDT" skipped="0">
  <testcase classname="testCases.AccountRegistrationTest" name="validateAccountRegistration" time="2.796"/>
  <system-out/>
</testsuite> <!-- testCases.AccountRegistrationTest -->
