<?xml version="1.0" encoding="UTF-8"?>
<!-- Generated by org.testng.reporters.JUnitReportReporter -->
<testsuite hostname="DESKTOP-LM8VLMM" failures="0" tests="3" name="testCases.LoginDDT" time="35.203" errors="0" timestamp="2024-09-28T13:30:00 EDT" skipped="0">
  <testcase classname="testCases.LoginDDT" name="validate_loginDDT" time="16.298"/>
  <system-out/>
  <testcase classname="testCases.LoginDDT" name="validate_loginDDT" time="2.316"/>
  <system-out/>
  <testcase classname="testCases.LoginDDT" name="validate_loginDDT" time="16.589"/>
  <system-out/>
</testsuite> <!-- testCases.LoginDDT -->
